<?xml version="1.0" encoding="UTF-8"?>
<testsuite name="com.young.sample.adblib.protocol.AdbPacketTest" tests="8" skipped="0" failures="0" errors="0" timestamp="2026-06-10T12:16:16" hostname="Mac" time="0.002">
  <properties/>
  <testcase name="OKAY packet" classname="com.young.sample.adblib.protocol.AdbPacketTest" time="0.0"/>
  <testcase name="AUTH signal packet" classname="com.young.sample.adblib.protocol.AdbPacketTest" time="0.0"/>
  <testcase name="parse packet from raw bytes" classname="com.young.sample.adblib.protocol.AdbPacketTest" time="0.001"/>
  <testcase name="WRTE packet" classname="com.young.sample.adblib.protocol.AdbPacketTest" time="0.0"/>
  <testcase name="CLSE packet" classname="com.young.sample.adblib.protocol.AdbPacketTest" time="0.0"/>
  <testcase name="CLSE with zero remote_id" classname="com.young.sample.adblib.protocol.AdbPacketTest" time="0.0"/>
  <testcase name="CNXN packet toByteArray round trip" classname="com.young.sample.adblib.protocol.AdbPacketTest" time="0.0"/>
  <testcase name="OPEN packet" classname="com.young.sample.adblib.protocol.AdbPacketTest" time="0.001"/>
  <system-out><![CDATA[]]></system-out>
  <system-err><![CDATA[]]></system-err>
</testsuite>
