<?xml version="1.0" encoding="UTF-8"?>
<testsuite name="com.young.sample.adblib.service.HostServicesTest" tests="11" skipped="0" failures="0" errors="0" timestamp="2026-06-10T12:16:16" hostname="Mac" time="0.004">
  <properties/>
  <testcase name="build device list request" classname="com.young.sample.adblib.service.HostServicesTest" time="0.0"/>
  <testcase name="parse device list unauthorized" classname="com.young.sample.adblib.service.HostServicesTest" time="0.003"/>
  <testcase name="parse empty device list" classname="com.young.sample.adblib.service.HostServicesTest" time="0.0"/>
  <testcase name="smart socket length padding" classname="com.young.sample.adblib.service.HostServicesTest" time="0.0"/>
  <testcase name="parse forward list empty" classname="com.young.sample.adblib.service.HostServicesTest" time="0.0"/>
  <testcase name="parse device list multiple devices" classname="com.young.sample.adblib.service.HostServicesTest" time="0.001"/>
  <testcase name="parse device list single device" classname="com.young.sample.adblib.service.HostServicesTest" time="0.0"/>
  <testcase name="host transport request format" classname="com.young.sample.adblib.service.HostServicesTest" time="0.0"/>
  <testcase name="parse device list with blank lines" classname="com.young.sample.adblib.service.HostServicesTest" time="0.0"/>
  <testcase name="parse forward list" classname="com.young.sample.adblib.service.HostServicesTest" time="0.0"/>
  <testcase name="build smart socket request" classname="com.young.sample.adblib.service.HostServicesTest" time="0.0"/>
  <system-out><![CDATA[]]></system-out>
  <system-err><![CDATA[]]></system-err>
</testsuite>
