<?xml version="1.0" encoding="UTF-8"?>
<testsuite name="com.young.sample.adblib.protocol.AdbMessageTest" tests="11" skipped="0" failures="0" errors="0" timestamp="2026-06-10T12:16:16" hostname="Mac" time="0.014">
  <properties/>
  <testcase name="OPEN command with service name" classname="com.young.sample.adblib.protocol.AdbMessageTest" time="0.001"/>
  <testcase name="SYNC is identified as sync" classname="com.young.sample.adblib.protocol.AdbMessageTest" time="0.0"/>
  <testcase name="CRC32 non-zero mismatch" classname="com.young.sample.adblib.protocol.AdbMessageTest" time="0.0"/>
  <testcase name="AUTH command with different types" classname="com.young.sample.adblib.protocol.AdbMessageTest" time="0.0"/>
  <testcase name="non-sync commands are not sync" classname="com.young.sample.adblib.protocol.AdbMessageTest" time="0.005"/>
  <testcase name="create header with payload metadata" classname="com.young.sample.adblib.protocol.AdbMessageTest" time="0.0"/>
  <testcase name="create 24-byte header with command only" classname="com.young.sample.adblib.protocol.AdbMessageTest" time="0.0"/>
  <testcase name="CRC32 zero always passes" classname="com.young.sample.adblib.protocol.AdbMessageTest" time="0.0"/>
  <testcase name="parse all command types" classname="com.young.sample.adblib.protocol.AdbMessageTest" time="0.0"/>
  <testcase name="magic mismatch throws exception" classname="com.young.sample.adblib.protocol.AdbMessageTest" time="0.006"/>
  <testcase name="parse valid CNXN header" classname="com.young.sample.adblib.protocol.AdbMessageTest" time="0.0"/>
  <system-out><![CDATA[]]></system-out>
  <system-err><![CDATA[]]></system-err>
</testsuite>
